<?xml version="1.0" encoding="UTF-8"?>
<!-- Generated by org.testng.reporters.JUnitReportReporter -->
<testsuite hostname="MacBook-Air.local" failures="0" tests="1" name="Zipgo.InterCity.agents.AgentsList" time="7.333" errors="0" timestamp="10 Apr 2019 10:21:15 GMT" skipped="0">
  <testcase classname="Zipgo.InterCity.agents.AgentsList" name="AgentsListmethod" time="7.333"/>
</testsuite> <!-- Zipgo.InterCity.agents.AgentsList -->
