<?xml version="1.0" encoding="UTF-8"?>
<!-- Generated by org.testng.reporters.JUnitReportReporter -->
<testsuite hostname="MacBook-Air.local" failures="0" tests="1" name="Zipgo.InterCity.agents.InvitedAgents" time="9.796" errors="0" timestamp="22 Feb 2019 11:25:36 GMT" skipped="0">
  <testcase classname="Zipgo.InterCity.agents.InvitedAgents" name="InvitedAgentsList" time="9.796"/>
</testsuite> <!-- Zipgo.InterCity.agents.InvitedAgents -->
