<?xml version="1.0" encoding="UTF-8"?>
<!-- Generated by org.testng.reporters.JUnitReportReporter -->
<testsuite hostname="MacBook-Air.local" failures="0" tests="1" name="Zipgo.InterCity.agents.CreateAgents" time="7.732" errors="0" timestamp="10 Apr 2019 03:36:09 GMT" skipped="0">
  <testcase classname="Zipgo.InterCity.agents.CreateAgents" name="createAgents" time="7.732"/>
</testsuite> <!-- Zipgo.InterCity.agents.CreateAgents -->
