<?xml version="1.0" encoding="UTF-8"?>
<!-- Generated by org.testng.reporters.JUnitReportReporter -->
<testsuite hostname="MacBook-Air.local" failures="0" tests="1" name="Zipgo.InterCity.agentsGroup.AgentGroupsList" time="6.539" errors="0" timestamp="23 Feb 2019 04:28:45 GMT" skipped="0">
  <testcase classname="Zipgo.InterCity.agentsGroup.AgentGroupsList" name="createGroup" time="6.539"/>
</testsuite> <!-- Zipgo.InterCity.agentsGroup.AgentGroupsList -->
