<?xml version="1.0" encoding="UTF-8"?>
<!-- Generated by org.testng.reporters.JUnitReportReporter -->
<testsuite hostname="MacBook-Air.local" failures="0" tests="1" name="Zipgo.InterCity.configuration.SystemSettings" time="6.502" errors="0" timestamp="23 Feb 2019 04:52:16 GMT" skipped="0">
  <testcase classname="Zipgo.InterCity.configuration.SystemSettings" name="systemSettings" time="6.502"/>
</testsuite> <!-- Zipgo.InterCity.configuration.SystemSettings -->
