<?xml version="1.0" encoding="UTF-8"?>
<!-- Generated by org.testng.reporters.JUnitReportReporter -->
<testsuite hostname="MacBook-Air.local" failures="0" tests="1" name="Zipgo.InterCity.agents.AgentsList" time="6.850" errors="0" timestamp="26 Feb 2019 04:55:22 GMT" skipped="0">
  <testcase classname="Zipgo.InterCity.agents.AgentsList" name="AgentsListmethod" time="6.850"/>
</testsuite> <!-- Zipgo.InterCity.agents.AgentsList -->
