<?xml version="1.0" encoding="UTF-8"?>
<!-- Generated by org.testng.reporters.JUnitReportReporter -->
<testsuite hostname="MacBook-Air.local" failures="0" tests="1" name="Zipgo.InterCity.LoginPage" time="23.929" errors="0" timestamp="22 Feb 2019 09:01:40 GMT" skipped="0">
  <testcase classname="Zipgo.InterCity.LoginPage" name="loginIntercityDashboard" time="23.929"/>
</testsuite> <!-- Zipgo.InterCity.LoginPage -->
