<?xml version="1.0" encoding="UTF-8"?>
<!-- Generated by org.testng.reporters.JUnitReportReporter -->
<testsuite hostname="MacBook-Air.local" failures="0" tests="1" name="Zipgo.InterCity.allTrips.AllTrips" time="3.483" errors="0" timestamp="26 Feb 2019 04:58:40 GMT" skipped="0">
  <testcase classname="Zipgo.InterCity.allTrips.AllTrips" name="allTrips" time="3.483"/>
</testsuite> <!-- Zipgo.InterCity.allTrips.AllTrips -->
