<?xml version="1.0" encoding="UTF-8"?>
<!-- Generated by org.testng.reporters.JUnitReportReporter -->
<testsuite hostname="MacBook-Air.local" failures="0" tests="1" name="Zipgo.InterCity.agents.InvitedAgents" time="11.642" errors="0" timestamp="01 Apr 2019 06:21:07 GMT" skipped="0">
  <testcase classname="Zipgo.InterCity.agents.InvitedAgents" name="InvitedAgentsList" time="11.642"/>
</testsuite> <!-- Zipgo.InterCity.agents.InvitedAgents -->
