<?xml version="1.0" encoding="UTF-8"?>
<!-- Generated by org.testng.reporters.JUnitReportReporter -->
<testsuite hostname="MacBook-Air.local" failures="0" tests="1" name="Zipgo.InterCity.agents.AgentsList" time="8.967" errors="0" timestamp="01 Apr 2019 06:18:54 GMT" skipped="0">
  <testcase classname="Zipgo.InterCity.agents.AgentsList" name="AgentsListmethod" time="8.967"/>
</testsuite> <!-- Zipgo.InterCity.agents.AgentsList -->
