<?xml version="1.0" encoding="UTF-8"?>
<!-- Generated by org.testng.reporters.JUnitReportReporter -->
<testsuite hostname="MacBook-Air.local" failures="0" tests="1" name="Zipgo.InterCity.agents.CreateAgents" time="9.285" errors="0" timestamp="04 Apr 2019 07:49:47 GMT" skipped="0">
  <testcase classname="Zipgo.InterCity.agents.CreateAgents" name="createAgents" time="9.285"/>
</testsuite> <!-- Zipgo.InterCity.agents.CreateAgents -->
