<?xml version="1.0" encoding="UTF-8"?>
<!-- Generated by org.testng.reporters.JUnitReportReporter -->
<testsuite hostname="MacBook-Air.local" failures="0" tests="1" name="Zipgo.InterCity.allTrips.AllTrips" time="3.484" errors="0" timestamp="23 Feb 2019 04:11:22 GMT" skipped="0">
  <testcase classname="Zipgo.InterCity.allTrips.AllTrips" name="allTrips" time="3.484"/>
</testsuite> <!-- Zipgo.InterCity.allTrips.AllTrips -->
