<?xml version="1.0" encoding="UTF-8"?>
<!-- Generated by org.testng.reporters.JUnitReportReporter -->
<testsuite hostname="MacBook-Air.local" failures="0" tests="1" name="Zipgo.InterCity.bookings.BookingsList" time="6.580" errors="0" timestamp="23 Feb 2019 04:44:20 GMT" skipped="0">
  <testcase classname="Zipgo.InterCity.bookings.BookingsList" name="createAgents" time="6.580"/>
</testsuite> <!-- Zipgo.InterCity.bookings.BookingsList -->
