<?xml version="1.0" encoding="UTF-8"?>
<!-- Generated by org.testng.reporters.JUnitReportReporter -->
<testsuite hostname="Prashants-MacBook-Air.local" failures="0" tests="1" name="Zipgo.InterCity.agents.CreateAgents" time="10.796" errors="0" timestamp="26 Apr 2019 17:31:28 GMT" skipped="0">
  <testcase classname="Zipgo.InterCity.agents.CreateAgents" name="createAgents" time="10.796"/>
</testsuite> <!-- Zipgo.InterCity.agents.CreateAgents -->
