<?xml version="1.0" encoding="UTF-8"?>
<!-- Generated by org.testng.reporters.JUnitReportReporter -->
<testsuite hostname="MacBook-Air.local" failures="0" tests="1" name="Zipgo.InterCity.agents.CreateAgents" time="3.605" errors="0" timestamp="22 Feb 2019 10:52:02 GMT" skipped="0">
  <testcase classname="Zipgo.InterCity.agents.CreateAgents" name="createAgents" time="3.605"/>
</testsuite> <!-- Zipgo.InterCity.agents.CreateAgents -->
