<?xml version="1.0" encoding="UTF-8"?>
<!-- Generated by org.testng.reporters.JUnitReportReporter -->
<testsuite hostname="MacBook-Air.local" failures="0" tests="1" name="Zipgo.InterCity.users.UsersList" time="6.507" errors="0" timestamp="23 Feb 2019 05:00:52 GMT" skipped="0">
  <testcase classname="Zipgo.InterCity.users.UsersList" name="usersList" time="6.507"/>
</testsuite> <!-- Zipgo.InterCity.users.UsersList -->
