<?xml version="1.0" encoding="UTF-8"?>
<!-- Generated by org.testng.reporters.JUnitReportReporter -->
<testsuite hostname="MacBook-Air.local" failures="0" tests="1" name="Zipgo.InterCity.finance.CashFlowRequest" time="6.562" errors="0" timestamp="23 Feb 2019 04:48:29 GMT" skipped="0">
  <testcase classname="Zipgo.InterCity.finance.CashFlowRequest" name="cashFlowRequests" time="6.562"/>
</testsuite> <!-- Zipgo.InterCity.finance.CashFlowRequest -->
