<?xml version="1.0" encoding="UTF-8"?>
<!-- Generated by org.testng.reporters.JUnitReportReporter -->
<testsuite hostname="MacBook-Air.local" failures="0" tests="1" name="Zipgo.InterCity.users.CreateNewUser" time="6.526" errors="0" timestamp="23 Feb 2019 04:58:06 GMT" skipped="0">
  <testcase classname="Zipgo.InterCity.users.CreateNewUser" name="createNewUser" time="6.526"/>
</testsuite> <!-- Zipgo.InterCity.users.CreateNewUser -->
