<?xml version="1.0" encoding="UTF-8"?>
<!-- Generated by org.testng.reporters.JUnitReportReporter -->
<testsuite hostname="MacBook-Air.local" failures="0" tests="1" name="Zipgo.InterCity.agents.InvitedAgents" time="10.101" errors="0" timestamp="04 Apr 2019 07:49:47 GMT" skipped="0">
  <testcase classname="Zipgo.InterCity.agents.InvitedAgents" name="InvitedAgentsList" time="10.101"/>
</testsuite> <!-- Zipgo.InterCity.agents.InvitedAgents -->
