<?xml version="1.0" encoding="UTF-8"?>
<!-- Generated by org.testng.reporters.JUnitReportReporter -->
<testsuite hostname="MacBook-Air.local" failures="0" tests="1" name="Zipgo.InterCity.users.CreateNewUser" time="9.355" errors="0" timestamp="03 Apr 2019 07:08:12 GMT" skipped="0">
  <testcase classname="Zipgo.InterCity.users.CreateNewUser" name="createNewUser" time="9.355"/>
</testsuite> <!-- Zipgo.InterCity.users.CreateNewUser -->
